<?xml version="1.0" encoding="UTF-8"?>
<!-- Generated by org.testng.reporters.JUnitReportReporter -->
<testsuite hostname="ada2-PC" name="com.testExample.testLoginPage" tests="1" failures="0" timestamp="8 Jul 2015 06:36:38 GMT" time="13.115" errors="0">
  <testcase name="testLoginPage" time="13.115" classname="com.testExample.testLoginPage"/>
</testsuite> <!-- com.testExample.testLoginPage -->
