<?xml version="1.0" encoding="UTF-8"?>
<!-- Generated by org.testng.reporters.JUnitReportReporter -->
<testsuite hostname="ada2-PC" name="com.testExample.testLoginPage" tests="1" failures="0" timestamp="8 Jul 2015 06:10:49 GMT" time="12.090" errors="0">
  <testcase name="testLoginPage" time="12.090" classname="com.testExample.testLoginPage"/>
</testsuite> <!-- com.testExample.testLoginPage -->
