<?xml version="1.0" encoding="UTF-8"?>
<!-- Generated by org.testng.reporters.JUnitReportReporter -->
<testsuite hostname="ada2-PC" name="com.testExample.testLoginPage" tests="1" failures="0" timestamp="8 Jul 2015 11:04:37 GMT" time="11.828" errors="0">
  <testcase name="testLoginPage" time="11.828" classname="com.testExample.testLoginPage"/>
</testsuite> <!-- com.testExample.testLoginPage -->
