<?xml version="1.0" encoding="UTF-8"?>
<!-- Generated by org.testng.reporters.JUnitReportReporter -->
<testsuite hostname="ada2-PC" name="com.testExample.firstTest" tests="1" failures="0" timestamp="8 Jul 2015 06:40:16 GMT" time="17.983" errors="0">
  <testcase name="testAction" time="17.983" classname="com.testExample.firstTest"/>
</testsuite> <!-- com.testExample.firstTest -->
