<?xml version="1.0" encoding="UTF-8"?>
<!-- Generated by org.testng.reporters.JUnitReportReporter -->
<testsuite hostname="ada2-PC" name="com.testExample.alert" tests="1" failures="0" timestamp="8 Jul 2015 06:36:38 GMT" time="8.334" errors="0">
  <testcase name="testAlert" time="8.334" classname="com.testExample.alert"/>
</testsuite> <!-- com.testExample.alert -->
